<?xml version="1.0" encoding="UTF-8" ?>
<testsuite tests="5" failures="5" name="JavaAssessmentTest" time="0.012" errors="0" skipped="0">
  <properties>
[...]
</properties>
  <testcase classname="JavaAssessmentTest" name="JavaAssessmentTest.testLoadSheddingSchedule" time="0.007">
    <failure message="expected: &lt;4&gt; but was: &lt;0&gt;" type="org.opentest4j.AssertionFailedError">org.opentest4j.AssertionFailedError: expected: &lt;4&gt; but was: &lt;0&gt;
	at org.junit.jupiter.api.AssertionFailureBuilder.build(AssertionFailureBuilder.java:151)
	at org.junit.jupiter.api.AssertionFailureBuilder.buildAndThrow(AssertionFailureBuilder.java:132)
	at org.junit.jupiter.api.AssertEquals.failNotEqual(AssertEquals.java:197)
	at org.junit.jupiter.api.AssertEquals.assertEquals(AssertEquals.java:150)
	at org.junit.jupiter.api.AssertEquals.assertEquals(AssertEquals.java:145)
	at org.junit.jupiter.api.Assertions.assertEquals(Assertions.java:531)
	at JavaAssessmentTest.testLoadSheddingSchedule(JavaAssessmentTest.java:42)
</failure>
  </testcase>
  <testcase classname="JavaAssessmentTest" name="JavaAssessmentTest.testComputeFare" time="0">
    <failure message="Failed on distance=10, passengers=2 ==&gt; expected: &lt;45&gt; but was: &lt;28&gt;" type="org.opentest4j.AssertionFailedError">org.opentest4j.AssertionFailedError: Failed on distance=10, passengers=2 ==&gt; expected: &lt;45&gt; but was: &lt;28&gt;
	at org.junit.jupiter.api.AssertionFailureBuilder.build(AssertionFailureBuilder.java:151)
	at org.junit.jupiter.api.AssertionFailureBuilder.buildAndThrow(AssertionFailureBuilder.java:132)
	at org.junit.jupiter.api.AssertEquals.failNotEqual(AssertEquals.java:197)
	at org.junit.jupiter.api.AssertEquals.assertEquals(AssertEquals.java:150)
	at org.junit.jupiter.api.Assertions.assertEquals(Assertions.java:563)
	at JavaAssessmentTest.testComputeFare(JavaAssessmentTest.java:54)
</failure>
  </testcase>
  <testcase classname="JavaAssessmentTest" name="JavaAssessmentTest.testAtmWithdrawal" time="0.005">
    <failure message="expected: &lt;Success: Withdrawal approved&gt; but was: &lt;&gt;" type="org.opentest4j.AssertionFailedError">org.opentest4j.AssertionFailedError: expected: &lt;Success: Withdrawal approved&gt; but was: &lt;&gt;
	at org.junit.jupiter.api.AssertionFailureBuilder.build(AssertionFailureBuilder.java:151)
	at org.junit.jupiter.api.AssertionFailureBuilder.buildAndThrow(AssertionFailureBuilder.java:132)
	at org.junit.jupiter.api.AssertEquals.failNotEqual(AssertEquals.java:197)
	at org.junit.jupiter.api.AssertEquals.assertEquals(AssertEquals.java:182)
	at org.junit.jupiter.api.AssertEquals.assertEquals(AssertEquals.java:177)
	at org.junit.jupiter.api.Assertions.assertEquals(Assertions.java:1145)
	at JavaAssessmentTest.testAtmWithdrawal(JavaAssessmentTest.java:64)
</failure>
  </testcase>
  <testcase classname="JavaAssessmentTest" name="JavaAssessmentTest.testCheckStudentPass" time="0">
    <failure message="Failed exactly at 60% mark boundary ==&gt; expected: &lt;true&gt; but was: &lt;false&gt;" type="org.opentest4j.AssertionFailedError">org.opentest4j.AssertionFailedError: Failed exactly at 60% mark boundary ==&gt; expected: &lt;true&gt; but was: &lt;false&gt;
	at org.junit.jupiter.api.AssertionFailureBuilder.build(AssertionFailureBuilder.java:151)
	at org.junit.jupiter.api.AssertionFailureBuilder.buildAndThrow(AssertionFailureBuilder.java:132)
	at org.junit.jupiter.api.AssertTrue.failNotTrue(AssertTrue.java:63)
	at org.junit.jupiter.api.AssertTrue.assertTrue(AssertTrue.java:36)
	at org.junit.jupiter.api.Assertions.assertTrue(Assertions.java:214)
	at JavaAssessmentTest.testCheckStudentPass(JavaAssessmentTest.java:75)
</failure>
  </testcase>
  <testcase classname="JavaAssessmentTest" name="JavaAssessmentTest.testFizzBuzzSa" time="0">
    <failure message="expected: &lt;1
2
Zulu
4
Xhosa
Zulu
7
8
Zulu
Xhosa
11
Zulu
13
14
Eleven
&gt; but was: &lt;&gt;" type="org.opentest4j.AssertionFailedError">org.opentest4j.AssertionFailedError: expected: &lt;1
2
Zulu
4
Xhosa
Zulu
7
8
Zulu
Xhosa
11
Zulu
13
14
Eleven
&gt; but was: &lt;&gt;
	at org.junit.jupiter.api.AssertionFailureBuilder.build(AssertionFailureBuilder.java:151)
	at org.junit.jupiter.api.AssertionFailureBuilder.buildAndThrow(AssertionFailureBuilder.java:132)
	at org.junit.jupiter.api.AssertEquals.failNotEqual(AssertEquals.java:197)
	at org.junit.jupiter.api.AssertEquals.assertEquals(AssertEquals.java:182)
	at org.junit.jupiter.api.AssertEquals.assertEquals(AssertEquals.java:177)
	at org.junit.jupiter.api.Assertions.assertEquals(Assertions.java:1145)
	at JavaAssessmentTest.testFizzBuzzSa(JavaAssessmentTest.java:30)
</failure>
  </testcase>
</testsuite>